<?xml version="1.0" encoding="UTF-8"?>
<!-- Generated by org.testng.reporters.JUnitXMLReporter -->
<testsuite ignored="4" hostname="LTIN207806" failures="0" tests="12" name="Test" time="378.547" errors="0" timestamp="2024-02-29T17:34:32 IST">
  <testcase classname="TestClass.TC_1HomePageValidation" name="HomePageValidation" time="0.877"/>
  <testcase classname="TestClass.TC_1HomePageValidation" name="HomePageValidation1" time="7.742"/>
  <testcase classname="TestClass.TC_1HomePageValidation" name="HomePageValidation2" time="0.117"/>
  <testcase classname="TestClass.TC_1HomePageValidation" name="HomePageValidation3" time="0.087"/>
  <testcase classname="TestClass.TC_1HomePageValidation" name="HomePageValidation4" time="0.184"/>
  <testcase classname="TestClass.TC_2HomeLoanEmiCalculators" name="HomeLoanCalculation" time="102.708"/>
  <testcase classname="TestClass.TC_2HomeLoanEmiCalculators" name="HomeLoanCalculation1" time="12.559"/>
  <testcase classname="TestClass.TC_2HomeLoanEmiCalculators" name="HomeLoanCalculation2" time="33.719"/>
  <testcase classname="TestClass.TC_3LoanCalculator" name="LoanCalculator1" time="93.602"/>
  <testcase classname="TestClass.TC_3LoanCalculator" name="LoanCalculator2" time="4.263"/>
  <testcase classname="TestClass.TC_3LoanCalculator" name="LoanCalculator3" time="4.79"/>
  <testcase classname="TestClass.TC_3LoanCalculator" name="LoanCalculator4" time="1.174"/>
  <testcase classname="TestBase.BaseClass" name="@BeforeTest setup" time="0.0">
    <ignored/>
  </testcase> <!-- @BeforeTest setup -->
  <testcase classname="TestBase.BaseClass" name="@BeforeTest setup" time="0.0">
    <ignored/>
  </testcase> <!-- @BeforeTest setup -->
  <testcase classname="TestBase.BaseClass" name="@AfterTest teardown" time="0.0">
    <ignored/>
  </testcase> <!-- @AfterTest teardown -->
  <testcase classname="TestBase.BaseClass" name="@AfterTest teardown" time="0.0">
    <ignored/>
  </testcase> <!-- @AfterTest teardown -->
</testsuite> <!-- Test -->
